{"uuid":"c3a3b4a8-5b17-4cb8-b8cf-b073657388d2","historyId":"3168a3b7ed866376adea454ec73ebdc","testCaseId":"[engine:junit-jupiter]/[class:com.epam.training.munara_narkozieva.task2.PastebinPasteCreationTest]/[method:testCreateNewPaste()]","testCaseName":"testCreateNewPaste()","fullName":"com.epam.training.munara_narkozieva.task2.PastebinPasteCreationTest.testCreateNewPaste","labels":[{"name":"junit.platform.uniqueid","value":"[engine:junit-jupiter]/[class:com.epam.training.munara_narkozieva.task2.PastebinPasteCreationTest]/[method:testCreateNewPaste()]"},{"name":"host","value":"Users-MacBook-Pro-3.local"},{"name":"thread","value":"3892@Users-MacBook-Pro-3.local.main(1)"},{"name":"framework","value":"junit-platform"},{"name":"language","value":"java"},{"name":"package","value":"com.epam.training.munara_narkozieva.task2.PastebinPasteCreationTest"},{"name":"testClass","value":"com.epam.training.munara_narkozieva.task2.PastebinPasteCreationTest"},{"name":"testMethod","value":"testCreateNewPaste"},{"name":"suite","value":"com.epam.training.munara_narkozieva.task2.PastebinPasteCreationTest"}],"links":[],"name":"testCreateNewPaste()","status":"broken","statusDetails":{"known":false,"muted":false,"flaky":false,"message":"Expected condition failed: waiting for presence of element located by: By.cssSelector: ul.select2-results__options (tried for 15 second(s) with 500 milliseconds interval)","trace":"org.openqa.selenium.TimeoutException: Expected condition failed: waiting for presence of element located by: By.cssSelector: ul.select2-results__options (tried for 15 second(s) with 500 milliseconds interval)\n\tat org.openqa.selenium.support.ui.WebDriverWait.timeoutException(WebDriverWait.java:84)\n\tat org.openqa.selenium.support.ui.FluentWait.until(FluentWait.java:228)\n\tat com.epam.training.munara_narkozieva.task2.PastebinPasteCreationPage.selectSyntaxHighlighting(PastebinPasteCreationPage.java:60)\n\tat com.epam.training.munara_narkozieva.task2.PastebinPasteCreationTest.testCreateNewPaste(PastebinPasteCreationTest.java:36)\n\tat java.base/java.lang.reflect.Method.invoke(Method.java:569)\n\tat java.base/java.util.ArrayList.forEach(ArrayList.java:1511)\n\tat java.base/java.util.ArrayList.forEach(ArrayList.java:1511)\nCaused by: org.openqa.selenium.NoSuchElementException: no such element: Unable to locate element: {\"method\":\"css selector\",\"selector\":\"ul.select2-results__options\"}\n  (Session info: chrome=137.0.7151.120)\nFor documentation on this error, please visit: https://www.selenium.dev/documentation/webdriver/troubleshooting/errors#no-such-element-exception\nBuild info: version: '4.21.0', revision: '79ed462ef4'\nSystem info: os.name: 'Mac OS X', os.arch: 'x86_64', os.version: '15.4', java.version: '17.0.15'\nDriver info: org.openqa.selenium.chrome.ChromeDriver\nCommand: [122871485f756feaa634671b59fa8351, findElement {using=css selector, value=ul.select2-results__options}]\nCapabilities {acceptInsecureCerts: false, browserName: chrome, browserVersion: 137.0.7151.120, chrome: {chromedriverVersion: 137.0.7151.119 (e0ac9d12dff..., userDataDir: /var/folders/p1/_q24_hvd49l...}, fedcm:accounts: true, goog:chromeOptions: {debuggerAddress: localhost:54112}, networkConnectionEnabled: false, pageLoadStrategy: normal, platformName: mac, proxy: Proxy(), se:cdp: ws://localhost:54112/devtoo..., se:cdpVersion: 137.0.7151.120, setWindowRect: true, strictFileInteractability: false, timeouts: {implicit: 0, pageLoad: 300000, script: 30000}, unhandledPromptBehavior: dismiss and notify, webauthn:extension:credBlob: true, webauthn:extension:largeBlob: true, webauthn:extension:minPinLength: true, webauthn:extension:prf: true, webauthn:virtualAuthenticators: true}\nSession ID: 122871485f756feaa634671b59fa8351\n\tat jdk.internal.reflect.GeneratedConstructorAccessor15.newInstance(Unknown Source)\n\tat java.base/jdk.internal.reflect.DelegatingConstructorAccessorImpl.newInstance(DelegatingConstructorAccessorImpl.java:45)\n\tat java.base/java.lang.reflect.Constructor.newInstanceWithCaller(Constructor.java:500)\n\tat java.base/java.lang.reflect.Constructor.newInstance(Constructor.java:481)\n\tat org.openqa.selenium.remote.ErrorCodec.decode(ErrorCodec.java:167)\n\tat org.openqa.selenium.remote.codec.w3c.W3CHttpResponseCodec.decode(W3CHttpResponseCodec.java:138)\n\tat org.openqa.selenium.remote.codec.w3c.W3CHttpResponseCodec.decode(W3CHttpResponseCodec.java:50)\n\tat org.openqa.selenium.remote.HttpCommandExecutor.execute(HttpCommandExecutor.java:190)\n\tat org.openqa.selenium.remote.service.DriverCommandExecutor.invokeExecute(DriverCommandExecutor.java:216)\n\tat org.openqa.selenium.remote.service.DriverCommandExecutor.execute(DriverCommandExecutor.java:174)\n\tat org.openqa.selenium.remote.RemoteWebDriver.execute(RemoteWebDriver.java:518)\n\tat org.openqa.selenium.remote.ElementLocation$ElementFinder$2.findElement(ElementLocation.java:165)\n\tat org.openqa.selenium.remote.ElementLocation.findElement(ElementLocation.java:59)\n\tat org.openqa.selenium.remote.RemoteWebDriver.findElement(RemoteWebDriver.java:355)\n\tat org.openqa.selenium.remote.RemoteWebDriver.findElement(RemoteWebDriver.java:349)\n\tat org.openqa.selenium.support.ui.ExpectedConditions$6.apply(ExpectedConditions.java:171)\n\tat org.openqa.selenium.support.ui.ExpectedConditions$6.apply(ExpectedConditions.java:168)\n\tat org.openqa.selenium.support.ui.FluentWait.until(FluentWait.java:203)\n\t... 5 more\n"},"stage":"finished","description":"","steps":[],"attachments":[],"parameters":[],"start":1750752603676,"stop":1750752639117}